<?xml version="1.0" encoding="utf-8" standalone="no"?>
<test-run id="0" runstate="Runnable" testcasecount="0" result="Failed" label="Invalid" total="0" passed="0" failed="0" warnings="0" inconclusive="0" skipped="0" asserts="0" engine-version="3.16.0.0" clr-version="4.0.30319.42000" start-time="2022-12-07 01:03:36Z" end-time="2022-12-07 01:03:36Z" duration="0.350778">
  <command-line><![CDATA[.\packages\NUnit.ConsoleRunner.3.16.0\tools\nunit3-console.exe  .\UnitTestsCreation.exe]]></command-line>
  <test-suite type="Assembly" id="1-1" name="UnitTestsCreation.exe" fullname="C:\Users\Serhii_Hlushko\source\repos\UnitTestsCreation\UnitTestsCreation.exe" testcasecount="0" runstate="NotRunnable" result="Failed" label="Invalid">
    <properties>
      <property name="_SKIPREASON" value="File not found: C:\Users\Serhii_Hlushko\source\repos\UnitTestsCreation\UnitTestsCreation.exe" />
    </properties>
    <reason>
      <message>File not found: C:\Users\Serhii_Hlushko\source\repos\UnitTestsCreation\UnitTestsCreation.exe</message>
    </reason>
  </test-suite>
</test-run>